This is pdfTeX, Version 3.141592653-2.6-1.40.25 (TeX Live 2023/Debian) (preloaded format=pdflatex 2026.3.23)  24 MAR 2026 00:48
entering extended mode
 restricted \write18 enabled.
 %&-line parsing enabled.
**main.tex
(./main.tex
LaTeX2e <2023-11-01> patch level 1
L3 programming layer <2024-01-22>
(/usr/share/texlive/texmf-dist/tex/latex/base/article.cls
Document Class: article 2023/05/17 v1.4n Standard LaTeX document class
(/usr/share/texlive/texmf-dist/tex/latex/base/size10.clo
File: size10.clo 2023/05/17 v1.4n Standard LaTeX file (size option)
)
\c@part=\count187
\c@section=\count188
\c@subsection=\count189
\c@subsubsection=\count190
\c@paragraph=\count191
\c@subparagraph=\count192
\c@figure=\count193
\c@table=\count194
\abovecaptionskip=\skip48
\belowcaptionskip=\skip49
\bibindent=\dimen140
)
(/usr/share/texlive/texmf-dist/tex/latex/geometry/geometry.sty
Package: geometry 2020/01/02 v5.9 Page Geometry

(/usr/share/texlive/texmf-dist/tex/latex/graphics/keyval.sty
Package: keyval 2022/05/29 v1.15 key=value parser (DPC)
\KV@toks@=\toks17
)
(/usr/share/texlive/texmf-dist/tex/generic/iftex/ifvtex.sty
Package: ifvtex 2019/10/25 v1.7 ifvtex legacy package. Use iftex instead.

(/usr/share/texlive/texmf-dist/tex/generic/iftex/iftex.sty
Package: iftex 2022/02/03 v1.0f TeX engine tests
))
\Gm@cnth=\count195
\Gm@cntv=\count196
\c@Gm@tempcnt=\count197
\Gm@bindingoffset=\dimen141
\Gm@wd@mp=\dimen142
\Gm@odd@mp=\dimen143
\Gm@even@mp=\dimen144
\Gm@layoutwidth=\dimen145
\Gm@layoutheight=\dimen146
\Gm@layouthoffset=\dimen147
\Gm@layoutvoffset=\dimen148
\Gm@dimlist=\toks18
)
(/usr/share/texlive/texmf-dist/tex/latex/preprint/authblk.sty
Package: authblk 2001/02/27 1.3 (PWD)
\affilsep=\skip50
\@affilsep=\skip51
\c@Maxaffil=\count198
\c@authors=\count199
\c@affil=\count266
)
(/usr/share/texmf/tex/latex/CJK/CJKutf8.sty
Package: CJKutf8 2021/10/16 4.8.5

(/usr/share/texlive/texmf-dist/tex/generic/iftex/ifpdf.sty
Package: ifpdf 2019/10/25 v3.4 ifpdf legacy package. Use iftex instead.
)
(/usr/share/texlive/texmf-dist/tex/latex/base/inputenc.sty
Package: inputenc 2021/02/14 v1.3d Input encoding file
\inpenc@prehook=\toks19
\inpenc@posthook=\toks20
)
(/usr/share/texmf/tex/latex/CJK/CJK.sty
Package: CJK 2021/10/16 4.8.5

(/usr/share/texmf/tex/latex/CJK/mule/MULEenc.sty
Package: MULEenc 2021/10/16 4.8.5
)
(/usr/share/texmf/tex/latex/CJK/CJK.enc
File: CJK.enc 2021/10/16 4.8.5
Now handling font encoding C00 ...
... no UTF-8 mapping file for font encoding C00
Now handling font encoding C05 ...
... no UTF-8 mapping file for font encoding C05
Now handling font encoding C09 ...
... no UTF-8 mapping file for font encoding C09
Now handling font encoding C10 ...
... no UTF-8 mapping file for font encoding C10
Now handling font encoding C20 ...
... no UTF-8 mapping file for font encoding C20
Now handling font encoding C19 ...
... no UTF-8 mapping file for font encoding C19
Now handling font encoding C40 ...
... no UTF-8 mapping file for font encoding C40
Now handling font encoding C42 ...
... no UTF-8 mapping file for font encoding C42
Now handling font encoding C43 ...
... no UTF-8 mapping file for font encoding C43
Now handling font encoding C50 ...
... no UTF-8 mapping file for font encoding C50
Now handling font encoding C52 ...
... no UTF-8 mapping file for font encoding C52
Now handling font encoding C49 ...
... no UTF-8 mapping file for font encoding C49
Now handling font encoding C60 ...
... no UTF-8 mapping file for font encoding C60
Now handling font encoding C61 ...
... no UTF-8 mapping file for font encoding C61
Now handling font encoding C63 ...
... no UTF-8 mapping file for font encoding C63
Now handling font encoding C64 ...
... no UTF-8 mapping file for font encoding C64
Now handling font encoding C65 ...
... no UTF-8 mapping file for font encoding C65
Now handling font encoding C70 ...
... no UTF-8 mapping file for font encoding C70
Now handling font encoding C31 ...
... no UTF-8 mapping file for font encoding C31
Now handling font encoding C32 ...
... no UTF-8 mapping file for font encoding C32
Now handling font encoding C33 ...
... no UTF-8 mapping file for font encoding C33
Now handling font encoding C34 ...
... no UTF-8 mapping file for font encoding C34
Now handling font encoding C35 ...
... no UTF-8 mapping file for font encoding C35
Now handling font encoding C36 ...
... no UTF-8 mapping file for font encoding C36
Now handling font encoding C37 ...
... no UTF-8 mapping file for font encoding C37
Now handling font encoding C80 ...
... no UTF-8 mapping file for font encoding C80
Now handling font encoding C81 ...
... no UTF-8 mapping file for font encoding C81
Now handling font encoding C01 ...
... no UTF-8 mapping file for font encoding C01
Now handling font encoding C11 ...
... no UTF-8 mapping file for font encoding C11
Now handling font encoding C21 ...
... no UTF-8 mapping file for font encoding C21
Now handling font encoding C41 ...
... no UTF-8 mapping file for font encoding C41
Now handling font encoding C62 ...
... no UTF-8 mapping file for font encoding C62
)
\CJK@indent=\box51
)
(/usr/share/texlive/texmf-dist/tex/latex/base/fontenc.sty
Package: fontenc 2021/04/29 v2.0v Standard LaTeX package
))
(/usr/share/texlive/texmf-dist/tex/latex/titlesec/titlesec.sty
Package: titlesec 2023/10/27 v2.16 Sectioning titles
\ttl@box=\box52
\beforetitleunit=\skip52
\aftertitleunit=\skip53
\ttl@plus=\dimen149
\ttl@minus=\dimen150
\ttl@toksa=\toks21
\titlewidth=\dimen151
\titlewidthlast=\dimen152
\titlewidthfirst=\dimen153
)
(/usr/share/texlive/texmf-dist/tex/latex/caption/caption.sty
Package: caption 2023/08/05 v3.6o Customizing captions (AR)

(/usr/share/texlive/texmf-dist/tex/latex/caption/caption3.sty
Package: caption3 2023/07/31 v2.4d caption3 kernel (AR)
\caption@tempdima=\dimen154
\captionmargin=\dimen155
\caption@leftmargin=\dimen156
\caption@rightmargin=\dimen157
\caption@width=\dimen158
\caption@indent=\dimen159
\caption@parindent=\dimen160
\caption@hangindent=\dimen161
Package caption Info: Standard document class detected.
)
\c@caption@flags=\count267
\c@continuedfloat=\count268
)
(/usr/share/texlive/texmf-dist/tex/latex/graphics/graphicx.sty
Package: graphicx 2021/09/16 v1.2d Enhanced LaTeX Graphics (DPC,SPQR)

(/usr/share/texlive/texmf-dist/tex/latex/graphics/graphics.sty
Package: graphics 2022/03/10 v1.4e Standard LaTeX Graphics (DPC,SPQR)

(/usr/share/texlive/texmf-dist/tex/latex/graphics/trig.sty
Package: trig 2021/08/11 v1.11 sin cos tan (DPC)
)
(/usr/share/texlive/texmf-dist/tex/latex/graphics-cfg/graphics.cfg
File: graphics.cfg 2016/06/04 v1.11 sample graphics configuration
)
Package graphics Info: Driver file: pdftex.def on input line 107.

(/usr/share/texlive/texmf-dist/tex/latex/graphics-def/pdftex.def
File: pdftex.def 2022/09/22 v1.2b Graphics/color driver for pdftex
))
\Gin@req@height=\dimen162
\Gin@req@width=\dimen163
)
(/usr/share/texlive/texmf-dist/tex/latex/tools/indentfirst.sty
Package: indentfirst 2023/07/02 v1.03 Indent first paragraph (DPC)
)
(/usr/share/texlive/texmf-dist/tex/latex/algorithms/algorithm.sty
Package: algorithm 2009/08/24 v0.1 Document Style `algorithm' - floating enviro
nment

(/usr/share/texlive/texmf-dist/tex/latex/float/float.sty
Package: float 2001/11/08 v1.3d Float enhancements (AL)
\c@float@type=\count269
\float@exts=\toks22
\float@box=\box53
\@float@everytoks=\toks23
\@floatcapt=\box54
)
(/usr/share/texlive/texmf-dist/tex/latex/base/ifthen.sty
Package: ifthen 2022/04/13 v1.1d Standard LaTeX ifthen package (DPC)
)
\@float@every@algorithm=\toks24
\c@algorithm=\count270
)
(/usr/share/texlive/texmf-dist/tex/latex/listings/listings.sty
\lst@mode=\count271
\lst@gtempboxa=\box55
\lst@token=\toks25
\lst@length=\count272
\lst@currlwidth=\dimen164
\lst@column=\count273
\lst@pos=\count274
\lst@lostspace=\dimen165
\lst@width=\dimen166
\lst@newlines=\count275
\lst@lineno=\count276
\lst@maxwidth=\dimen167

(/usr/share/texlive/texmf-dist/tex/latex/listings/lstmisc.sty
File: lstmisc.sty 2023/02/27 1.9 (Carsten Heinz)
\c@lstnumber=\count277
\lst@skipnumbers=\count278
\lst@framebox=\box56
)
(/usr/share/texlive/texmf-dist/tex/latex/listings/listings.cfg
File: listings.cfg 2023/02/27 1.9 listings configuration
))
Package: listings 2023/02/27 1.9 (Carsten Heinz)

(/usr/share/texlive/texmf-dist/tex/latex/algorithmicx/algpseudocode.sty
Package: algpseudocode 

(/usr/share/texlive/texmf-dist/tex/latex/algorithmicx/algorithmicx.sty
Package: algorithmicx 2005/04/27 v1.2 Algorithmicx

Document Style algorithmicx 1.2 - a greatly improved `algorithmic' style
\c@ALG@line=\count279
\c@ALG@rem=\count280
\c@ALG@nested=\count281
\ALG@tlm=\skip54
\ALG@thistlm=\skip55
\c@ALG@Lnr=\count282
\c@ALG@blocknr=\count283
\c@ALG@storecount=\count284
\c@ALG@tmpcounter=\count285
\ALG@tmplength=\skip56
)
Document Style - pseudocode environments for use with the `algorithmicx' style
) (/usr/share/texlive/texmf-dist/tex/latex/booktabs/booktabs.sty
Package: booktabs 2020/01/12 v1.61803398 Publication quality tables
\heavyrulewidth=\dimen168
\lightrulewidth=\dimen169
\cmidrulewidth=\dimen170
\belowrulesep=\dimen171
\belowbottomsep=\dimen172
\aboverulesep=\dimen173
\abovetopsep=\dimen174
\cmidrulesep=\dimen175
\cmidrulekern=\dimen176
\defaultaddspace=\dimen177
\@cmidla=\count286
\@cmidlb=\count287
\@aboverulesep=\dimen178
\@belowrulesep=\dimen179
\@thisruleclass=\count288
\@lastruleclass=\count289
\@thisrulewidth=\dimen180
)
(/usr/share/texlive/texmf-dist/tex/latex/tools/multicol.sty
Package: multicol 2023/03/30 v1.9f multicolumn formatting (FMi)
\c@tracingmulticols=\count290


Package multicol Warning: May not work with the twocolumn option on input line 
143.

\mult@box=\box57
\multicol@leftmargin=\dimen181
\c@unbalance=\count291
\c@collectmore=\count292
\doublecol@number=\count293
\multicoltolerance=\count294
\multicolpretolerance=\count295
\full@width=\dimen182
\page@free=\dimen183
\premulticols=\dimen184
\postmulticols=\dimen185
\multicolsep=\skip57
\multicolbaselineskip=\skip58
\partial@page=\box58
\last@line=\box59
\mc@boxedresult=\box60
\maxbalancingoverflow=\dimen186
\mult@rightbox=\box61
\mult@grightbox=\box62
\mult@firstbox=\box63
\mult@gfirstbox=\box64
\@tempa=\box65
\@tempa=\box66
\@tempa=\box67
\@tempa=\box68
\@tempa=\box69
\@tempa=\box70
\@tempa=\box71
\@tempa=\box72
\@tempa=\box73
\@tempa=\box74
\@tempa=\box75
\@tempa=\box76
\@tempa=\box77
\@tempa=\box78
\@tempa=\box79
\@tempa=\box80
\@tempa=\box81
\@tempa=\box82
\@tempa=\box83
\@tempa=\box84
\@tempa=\box85
\@tempa=\box86
\@tempa=\box87
\@tempa=\box88
\@tempa=\box89
\@tempa=\box90
\@tempa=\box91
\@tempa=\box92
\@tempa=\box93
\@tempa=\box94
\@tempa=\box95
\@tempa=\box96
\@tempa=\box97
\@tempa=\box98
\@tempa=\box99
\@tempa=\box100
\c@minrows=\count296
\c@columnbadness=\count297
\c@finalcolumnbadness=\count298
\last@try=\dimen187
\multicolovershoot=\dimen188
\multicolundershoot=\dimen189
\mult@nat@firstbox=\box101
\colbreak@box=\box102
\mc@col@check@num=\count299
) (/usr/share/texlive/texmf-dist/tex/latex/url/url.sty
\Urlmuskip=\muskip16
Package: url 2013/09/16  ver 3.4  Verb mode for urls, etc.
)
(/usr/share/texlive/texmf-dist/tex/latex/abstract/abstract.sty
Package: abstract 2009/06/08 v1.2a configurable abstracts
\abstitleskip=\skip59
\absleftindent=\skip60
\absrightindent=\skip61
\absparindent=\skip62
\absparsep=\skip63
)
(/usr/share/texlive/texmf-dist/tex/latex/l3backend/l3backend-pdftex.def
File: l3backend-pdftex.def 2024-01-04 L3 backend support: PDF output (pdfTeX)
\l__color_backend_stack_int=\count300
\l__pdf_internal_box=\box103
)
(./main.aux)
\openout1 = `main.aux'.

LaTeX Font Info:    Checking defaults for OML/cmm/m/it on input line 81.
LaTeX Font Info:    ... okay on input line 81.
LaTeX Font Info:    Checking defaults for OMS/cmsy/m/n on input line 81.
LaTeX Font Info:    ... okay on input line 81.
LaTeX Font Info:    Checking defaults for OT1/cmr/m/n on input line 81.
LaTeX Font Info:    ... okay on input line 81.
LaTeX Font Info:    Checking defaults for T1/cmr/m/n on input line 81.
LaTeX Font Info:    ... okay on input line 81.
LaTeX Font Info:    Checking defaults for TS1/cmr/m/n on input line 81.
LaTeX Font Info:    ... okay on input line 81.
LaTeX Font Info:    Checking defaults for OMX/cmex/m/n on input line 81.
LaTeX Font Info:    ... okay on input line 81.
LaTeX Font Info:    Checking defaults for U/cmr/m/n on input line 81.
LaTeX Font Info:    ... okay on input line 81.
LaTeX Font Info:    Checking defaults for C00/song/m/n on input line 81.
LaTeX Font Info:    ... okay on input line 81.
LaTeX Font Info:    Checking defaults for C05/song/m/n on input line 81.
LaTeX Font Info:    ... okay on input line 81.
LaTeX Font Info:    Checking defaults for C09/song/m/n on input line 81.
LaTeX Font Info:    ... okay on input line 81.
LaTeX Font Info:    Checking defaults for C10/song/m/n on input line 81.
LaTeX Font Info:    ... okay on input line 81.
LaTeX Font Info:    Checking defaults for C20/song/m/n on input line 81.
LaTeX Font Info:    ... okay on input line 81.
LaTeX Font Info:    Checking defaults for C19/song/m/n on input line 81.
LaTeX Font Info:    ... okay on input line 81.
LaTeX Font Info:    Checking defaults for C40/song/m/n on input line 81.
LaTeX Font Info:    ... okay on input line 81.
LaTeX Font Info:    Checking defaults for C42/song/m/n on input line 81.
LaTeX Font Info:    ... okay on input line 81.
LaTeX Font Info:    Checking defaults for C43/song/m/n on input line 81.
LaTeX Font Info:    ... okay on input line 81.
LaTeX Font Info:    Checking defaults for C50/song/m/n on input line 81.
LaTeX Font Info:    ... okay on input line 81.
LaTeX Font Info:    Checking defaults for C52/song/m/n on input line 81.
LaTeX Font Info:    ... okay on input line 81.
LaTeX Font Info:    Checking defaults for C49/song/m/n on input line 81.
LaTeX Font Info:    ... okay on input line 81.
LaTeX Font Info:    Checking defaults for C60/mj/m/n on input line 81.
LaTeX Font Info:    ... okay on input line 81.
LaTeX Font Info:    Checking defaults for C61/mj/m/n on input line 81.
LaTeX Font Info:    ... okay on input line 81.
LaTeX Font Info:    Checking defaults for C63/mj/m/n on input line 81.
LaTeX Font Info:    ... okay on input line 81.
LaTeX Font Info:    Checking defaults for C64/mj/m/n on input line 81.
LaTeX Font Info:    ... okay on input line 81.
LaTeX Font Info:    Checking defaults for C65/mj/m/n on input line 81.
LaTeX Font Info:    ... okay on input line 81.
LaTeX Font Info:    Checking defaults for C70/song/m/n on input line 81.
LaTeX Font Info:    ... okay on input line 81.
LaTeX Font Info:    Checking defaults for C31/song/m/n on input line 81.
LaTeX Font Info:    ... okay on input line 81.
LaTeX Font Info:    Checking defaults for C32/song/m/n on input line 81.
LaTeX Font Info:    ... okay on input line 81.
LaTeX Font Info:    Checking defaults for C33/song/m/n on input line 81.
LaTeX Font Info:    ... okay on input line 81.
LaTeX Font Info:    Checking defaults for C34/song/m/n on input line 81.
LaTeX Font Info:    ... okay on input line 81.
LaTeX Font Info:    Checking defaults for C35/song/m/n on input line 81.
LaTeX Font Info:    ... okay on input line 81.
LaTeX Font Info:    Checking defaults for C36/song/m/n on input line 81.
LaTeX Font Info:    ... okay on input line 81.
LaTeX Font Info:    Checking defaults for C37/song/m/n on input line 81.
LaTeX Font Info:    ... okay on input line 81.
LaTeX Font Info:    Checking defaults for C80/song/m/n on input line 81.
LaTeX Font Info:    ... okay on input line 81.
LaTeX Font Info:    Checking defaults for C81/song/m/n on input line 81.
LaTeX Font Info:    ... okay on input line 81.
LaTeX Font Info:    Checking defaults for C01/song/m/n on input line 81.
LaTeX Font Info:    ... okay on input line 81.
LaTeX Font Info:    Checking defaults for C11/song/m/n on input line 81.
LaTeX Font Info:    ... okay on input line 81.
LaTeX Font Info:    Checking defaults for C21/song/m/n on input line 81.
LaTeX Font Info:    ... okay on input line 81.
LaTeX Font Info:    Checking defaults for C41/song/m/n on input line 81.
LaTeX Font Info:    ... okay on input line 81.
LaTeX Font Info:    Checking defaults for C62/song/m/n on input line 81.
LaTeX Font Info:    ... okay on input line 81.

*geometry* driver: auto-detecting
*geometry* detected driver: pdftex
*geometry* verbose mode - [ preamble ] result:
* driver: pdftex
* paper: a4paper
* layout: <same size as paper>
* layoutoffset:(h,v)=(0.0pt,0.0pt)
* modes: 
* h-part:(L,W,R)=(71.13188pt, 455.24411pt, 71.13188pt)
* v-part:(T,H,B)=(71.13188pt, 702.78308pt, 71.13188pt)
* \paperwidth=597.50787pt
* \paperheight=845.04684pt
* \textwidth=455.24411pt
* \textheight=702.78308pt
* \oddsidemargin=-1.1381pt
* \evensidemargin=-1.1381pt
* \topmargin=-38.1381pt
* \headheight=12.0pt
* \headsep=25.0pt
* \topskip=10.0pt
* \footskip=30.0pt
* \marginparwidth=4.0pt
* \marginparsep=10.0pt
* \columnsep=14.22636pt
* \skip\footins=9.0pt plus 4.0pt minus 2.0pt
* \hoffset=0.0pt
* \voffset=0.0pt
* \mag=1000
* \@twocolumntrue
* \@twosidefalse
* \@mparswitchfalse
* \@reversemarginfalse
* (1in=72.27pt=25.4mm, 1cm=28.453pt)

Package caption Info: Begin \AtBeginDocument code.
Package caption Info: float package is loaded.
Package caption Info: listings package is loaded.
Package caption Info: End \AtBeginDocument code.
(/usr/share/texlive/texmf-dist/tex/context/base/mkii/supp-pdf.mkii
[Loading MPS to PDF converter (version 2006.09.02).]
\scratchcounter=\count301
\scratchdimen=\dimen190
\scratchbox=\box104
\nofMPsegments=\count302
\nofMParguments=\count303
\everyMPshowfont=\toks26
\MPscratchCnt=\count304
\MPscratchDim=\dimen191
\MPnumerator=\count305
\makeMPintoPDFobject=\count306
\everyMPtoPDFconversion=\toks27
) (/usr/share/texlive/texmf-dist/tex/latex/epstopdf-pkg/epstopdf-base.sty
Package: epstopdf-base 2020-01-24 v2.11 Base part for package epstopdf
Package epstopdf-base Info: Redefining graphics rule for `.eps' on input line 4
85.

(/usr/share/texlive/texmf-dist/tex/latex/latexconfig/epstopdf-sys.cfg
File: epstopdf-sys.cfg 2010/07/13 v1.3 Configuration of (r)epstopdf for TeX Liv
e
))
\c@lstlisting=\count307

(/usr/share/texmf/tex/latex/CJK/UTF8/UTF8.bdg
File: UTF8.bdg 2021/10/16 4.8.5
)
(/usr/share/texmf/tex/latex/CJK/UTF8/UTF8.enc
File: UTF8.enc 2021/10/16 4.8.5
)
(/usr/share/texmf/tex/latex/CJK/UTF8/UTF8.chr
File: UTF8.chr 2021/10/16 4.8.5
)

LaTeX Font Warning: Font shape `OT1/cmr/m/n' in size <16> not available
(Font)              size <17.28> substituted on input line 96.


LaTeX Font Warning: Font shape `OT1/cmr/bx/n' in size <16> not available
(Font)              size <17.28> substituted on input line 96.

LaTeX Font Info:    Trying to load font information for C70+bkai on input line 
96.
(/usr/share/texmf/tex/latex/CJK/UTF8/c70bkai.fd
File: c70bkai.fd 2008/10/03 4.8.1
)
(/usr/share/texmf/tex/latex/CJK/UTF8/c70bkai.fdx
File: c70bkai.fdx 2012/05/07 4.8.3
)
LaTeX Font Info:    External font `cmex10' loaded for size
(Font)              <12> on input line 96.
LaTeX Font Info:    External font `cmex10' loaded for size
(Font)              <8> on input line 96.
LaTeX Font Info:    External font `cmex10' loaded for size
(Font)              <6> on input line 96.
LaTeX Font Info:    Trying to load font information for OMS+cmr on input line 9
6.

(/usr/share/texlive/texmf-dist/tex/latex/base/omscmr.fd
File: omscmr.fd 2023/04/13 v2.5m Standard LaTeX font definitions
)
LaTeX Font Info:    Font shape `OMS/cmr/bx/n' in size <12> not available
(Font)              Font shape `OMS/cmsy/b/n' tried instead on input line 96.

Underfull \hbox (badness 10000) in paragraph at lines 120--121
[]\C70/bkai/m/n/10/57 ( \C70/bkai/m/n/10/4e - \C70/bkai/m/n/10/95 “ \C70/bkai/m
/n/10/88 h \C70/bkai/m/n/10/79 : \C70/bkai/m/n/10/76 „ \C70/bkai/m/n/10/90 x \C
70/bkai/m/n/10/64 Ç \C70/bkai/m/n/10/4e 
 \C70/bkai/bx/n/10/ff ^^L\OT1/cmr/m/n/10 IDA Pro
 []


Underfull \hbox (badness 10000) in paragraph at lines 120--121
\OT1/cmr/m/n/10 Microcode[[]]\C70/bkai/m/n/10/30 ^^A\OT1/cmr/m/n/10 Angr VexIR[
[]]\C70/bkai/m/n/10/82 ^^G\OT1/cmr/m/n/10 Ghidra P-
 []


Underfull \hbox (badness 1721) in paragraph at lines 120--121
\C70/bkai/m/n/10/52 ^^F \C70/bkai/m/n/10/70 ş\OT1/cmr/m/n/10 Low P-Code \C70/bk
ai/m/n/10/82 ^^G\OT1/cmr/m/n/10 High P-Code \C70/bkai/m/n/10/51 i \C70/bkai/m/n
/10/5c d \C70/bkai/bx/n/10/ff ^^Z\OT1/cmr/m/n/10 Low
 []


Underfull \hbox (badness 10000) in paragraph at lines 139--140
[]\C70/bkai/m/n/10/8a - ^^H\OT1/cmr/m/n/10 P-Code \C70/bkai/m/n/10/6b c \C70/bk
ai/m/n/10/89 Ź \C70/bkai/m/n/10/53 ^^V \C70/bkai/m/n/10/52 M \C70/bkai/m/n/10/8
6 U \C70/bkai/m/n/10/74 ^^F \C70/bkai/m/n/10/6d A \C70/bkai/m/n/10/7a  \C70/bk
ai/bx/n/10/ff ^^L
 []


Underfull \hbox (badness 7851) in paragraph at lines 139--140
\C70/bkai/m/n/10/79 ű \C70/bkai/m/n/10/96 d\OT1/cmr/m/n/10 Thunk \C70/bkai/m/n/
10/51 ý \C70/bkai/m/n/10/5f ^^O \C70/bkai/m/n/10/82 ^^G \C70/bkai/m/n/10/59 ^^V
 \C70/bkai/m/n/10/90 č \C70/bkai/m/n/10/51 ý \C70/bkai/m/n/10/5f ^^O \C70/bkai/
bx/n/10/ff ^^L \C70/bkai/m/n/10/4e & \C70/bkai/m/n/10/90 N
 []


Underfull \hbox (badness 10000) in paragraph at lines 139--140
\C70/bkai/m/n/10/6f ţ\OT1/cmtt/m/n/10 MULTIEQUAL\C70/bkai/m/n/10/30 ^^A\OT1/cmt
t/m/n/10 INDIRECT\C70/bkai/m/n/10/30 ^^A\OT1/cmtt/m/n/10 COPY\C70/bkai/m/n/10/3
0 ^^A\OT1/cmtt/m/n/10 CAST
 []

[1{/var/lib/texmf/fonts/map/pdftex/updmap/pdftex.map}


]
Underfull \hbox (badness 1454) in paragraph at lines 169--170
\C70/bkai/m/n/10/51 v\OT1/cmr/m/n/10 P-Code \C70/bkai/m/n/10/4e - \C70/bkai/m/n
/10/95 “ \C70/bkai/m/n/10/8a ž ^^@ \C70/bkai/m/n/10/66 / \C70/bkai/m/n/10/4e ^^
@ \C70/bkai/m/n/10/7a . \C70/bkai/m/n/10/66 « \C70/bkai/bx/n/10/5b X \C70/bkai/
m/n/10/56 h \C70/bkai/m/n/10/8f I \C70/bkai/m/n/10/63 Ű \C70/bkai/m/n/10/8a ž ^
^@
 []

<fig/high_pcode.png, id=160, 448.7967pt x 427.8384pt>
File: fig/high_pcode.png Graphic file (type png)
<use fig/high_pcode.png>
Package pdftex.def Info: fig/high_pcode.png  used on input line 173.
(pdftex.def)             Requested size: 220.50887pt x 210.21713pt.

LaTeX Warning: `h' float specifier changed to `ht'.

<fig/overview_feature_extraction.png, id=162, 587.5551pt x 246.4407pt>
File: fig/overview_feature_extraction.png Graphic file (type png)
<use fig/overview_feature_extraction.png>
Package pdftex.def Info: fig/overview_feature_extraction.png  used on input lin
e 188.
(pdftex.def)             Requested size: 220.50887pt x 92.48648pt.
<fig/overview_method.png, id=163, 892.5345pt x 229.0959pt>
File: fig/overview_method.png Graphic file (type png)
<use fig/overview_method.png>
Package pdftex.def Info: fig/overview_method.png  used on input line 195.
(pdftex.def)             Requested size: 455.24411pt x 116.85133pt.
[2 <./fig/high_pcode.png> <./fig/overview_feature_extraction.png>]
Underfull \hbox (badness 1527) in paragraph at lines 234--235
\OT1/cmr/m/n/10 Ti\C70/bkai/bx/n/10/ff ^^H \C70/bkai/m/n/10/98 o \C70/bkai/bx/n
/10/5b X\OT1/cmr/m/n/10 16,303 MiB\C70/bkai/bx/n/10/ff 	 \C70/bkai/bx/n/10/4e K
 \C70/bkai/bx/n/10/5d ĺ \C70/bkai/bx/n/10/4f \ \C70/bkai/bx/n/10/7a Ů \C70/bkai
/bx/n/10/ff ^^L \C70/bkai/bx/n/10/4f \ \C70/bkai/bx/n/10/69 m \C70/bkai/m/n/10/
7c ű \C70/bkai/bx/n/10/7d q
 []


Underfull \hbox (badness 3735) in paragraph at lines 236--237
[]\C70/bkai/bx/n/10/98 ^^P[][] \C70/bkai/bx/n/10/8a ^^S[][] \C70/bkai/bx/n/10/7
d ô[][] \C70/bkai/bx/n/10/8a ž[][] ^^@[][] \C70/bkai/bx/n/10/6a ![][] \C70/bkai
/bx/n/10/57 ‹[][] \C70/bkai/bx/n/10/ff ^^H[][]\OT1/cmr/bx/n/10 RoBERTa\C70/bkai
/bx/n/10/ff 	[][] ^^Z[][] \C70/bkai/bx/n/10/63 ˇ \C70/bkai/bx/n/10/75 (\OT1/cmr
/m/n/10 6
 []


Underfull \hbox (badness 2042) in paragraph at lines 238--239
[]\C70/bkai/bx/n/10/57 ^^V[][] \C70/bkai/bx/n/10/53 w[][] \C70/bkai/bx/n/10/7a 
M[][] \C70/bkai/bx/n/10/7d ˛[][] \C70/bkai/bx/n/10/8d ď[][] \C70/bkai/bx/n/10/f
f ^^H[][]\OT1/cmr/bx/n/10 GCN\C70/bkai/bx/n/10/ff 	[][] ^^Z[][] \C70/bkai/bx/n/
10/63 ˇ \C70/bkai/bx/n/10/75 (\OT1/cmr/m/n/10 2 \C70/bkai/m/n/10/5c d \C70/bkai
/bx/n/10/67 ¶ \C70/bkai/bx/n/10/69 Ë \C70/bkai/bx/n/10/ff ^^L
 []


Underfull \hbox (badness 1681) in paragraph at lines 238--239
\C70/bkai/bx/n/10/96 ± \C70/bkai/m/n/10/85 Ď \C70/bkai/bx/n/10/7d ­ \C70/bkai/m
/n/10/5e ¦\OT1/cmr/m/n/10 256\C70/bkai/bx/n/10/ff ^^L\OT1/cmr/m/n/10 Dropout 0.
2\C70/bkai/bx/n/10/ff ^^L \C70/bkai/m/n/10/52   \C70/bkai/bx/n/10/6c Ő ` \C70/b
kai/bx/n/10/53 ^^V \C70/bkai/bx/n/10/ff ^^H\OT1/cmr/m/n/10 Add
 []


Underfull \hbox (badness 1931) in paragraph at lines 238--239
\OT1/cmr/m/n/10 Pool-ing\C70/bkai/bx/n/10/ff 	 \C70/bkai/bx/n/10/30 ^^B\OT1/cmr
/m/n/10 Adam \C70/bkai/bx/n/10/51 * \C70/bkai/bx/n/10/53 ^^V \C70/bkai/m/n/10/5
6 h \C70/bkai/bx/n/10/ff ^^L \C70/bkai/bx/n/10/5b x \C70/bkai/m/n/10/7f Ň \C70/
bkai/m/n/10/73 ‡\OT1/cmr/m/n/10 0.001\C70/bkai/bx/n/10/ff ^^L \C70/bkai/bx/n/10
/62 y
 []


Underfull \hbox (badness 3657) in paragraph at lines 238--239
\OT1/cmr/m/n/10 ping\C70/bkai/bx/n/10/ff ^^H\OT1/cmr/m/n/10 patience=15\C70/bka
i/bx/n/10/ff 	 ^^L \C70/bkai/m/n/10/64 ^^M \C70/bkai/m/n/10/59 1 \C70/bkai/bx/n
/10/51 ý \C70/bkai/bx/n/10/5f ^^O \C70/bkai/bx/n/10/70 ş\OT1/cmr/m/n/10 Cross E
n-
 []


Underfull \hbox (badness 10000) in paragraph at lines 246--247
[]\C70/bkai/bx/n/10/67 , \C70/bkai/m/n/10/78 ^^T \C70/bkai/bx/n/10/7a v \C70/bk
ai/bx/n/10/65 6 \C70/bkai/bx/n/10/96 Ć \C70/bkai/bx/n/10/6d µ \C70/bkai/m/n/10/
84 Ë\OT1/cmr/m/n/10 ARM-32\C70/bkai/bx/n/10/30 ^^A\OT1/cmr/m/n/10 ARM-64\C70/bk
ai/bx/n/10/30 ^^A\OT1/cmr/m/n/10 Intel
 []


Underfull \hbox (badness 10000) in paragraph at lines 246--247
\OT1/cmr/m/n/10 i386\C70/bkai/bx/n/10/30 ^^A\OT1/cmr/m/n/10 MIPS\C70/bkai/bx/n/
10/30 ^^A\OT1/cmr/m/n/10 PowerPC\C70/bkai/bx/n/10/ff ^^H\OT1/cmr/m/n/10 PPC\C70
/bkai/bx/n/10/ff 	 \C70/bkai/bx/n/10/53 Ę\OT1/cmr/m/n/10 AMD x86-
 []


Underfull \hbox (badness 1383) in paragraph at lines 246--247
\OT1/cmr/m/n/10 64 \C70/bkai/bx/n/10/51 q m \C70/bkai/bx/n/10/7a . \C70/bkai/bx
/n/10/67 ¶ \C70/bkai/bx/n/10/69 Ë \C70/bkai/bx/n/10/4e K\OT1/cmr/m/n/10 IoT \C7
0/bkai/bx/n/10/60 á \C70/bkai/bx/n/10/61 ^^O \C70/bkai/bx/n/10/8e ß \C70/bkai/b
x/n/10/9a Ô \C70/bkai/bx/n/10/6a # \C70/bkai/bx/n/10/67 , \C70/bkai/bx/n/10/30 
^^B \C70/bkai/bx/n/10/62 @ \C70/bkai/bx/n/10/67 	
 []


LaTeX Font Warning: Font shape `OT1/cmr/m/n' in size <8.5> not available
(Font)              size <8> substituted on input line 254.

LaTeX Font Info:    Calculating math sizes for size <8.5> on input line 255.

LaTeX Font Warning: Font shape `OT1/cmr/m/n' in size <4.25> not available
(Font)              size <5> substituted on input line 255.


LaTeX Font Warning: Font shape `OML/cmm/m/it' in size <8.5> not available
(Font)              size <8> substituted on input line 255.


LaTeX Font Warning: Font shape `OML/cmm/m/it' in size <4.25> not available
(Font)              size <5> substituted on input line 255.


LaTeX Font Warning: Font shape `OMS/cmsy/m/n' in size <8.5> not available
(Font)              size <8> substituted on input line 255.


LaTeX Font Warning: Font shape `OMS/cmsy/m/n' in size <4.25> not available
(Font)              size <5> substituted on input line 255.

LaTeX Font Info:    External font `cmex10' loaded for size
(Font)              <8.5> on input line 255.
LaTeX Font Info:    External font `cmex10' loaded for size
(Font)              <5.94997> on input line 255.
LaTeX Font Info:    External font `cmex10' loaded for size
(Font)              <4.25> on input line 255.

LaTeX Font Warning: Font shape `OT1/cmr/bx/n' in size <8.5> not available
(Font)              size <8> substituted on input line 257.


LaTeX Warning: Reference `tab:result' on page 3 undefined on input line 292.


Underfull \hbox (badness 1286) in paragraph at lines 292--293
\C70/bkai/bx/n/10/ff ^^H\OT1/cmr/m/n/10 Accuracy\C70/bkai/bx/n/10/ff 	 \C70/bka
i/bx/n/10/30 ^^A \C70/bkai/m/n/10/7c ľ \C70/bkai/m/n/10/78 ş \C70/bkai/m/n/10/7
3 ‡ \C70/bkai/bx/n/10/ff ^^H\OT1/cmr/m/n/10 Precision\C70/bkai/bx/n/10/ff 	 \C7
0/bkai/bx/n/10/30 ^^A \C70/bkai/bx/n/10/53 ě \C70/bkai/m/n/10/56 Ţ \C70/bkai/m/
n/10/73 ‡
 []

(./main.bbl
LaTeX Font Info:    External font `cmex10' loaded for size
(Font)              <7> on input line 7.
LaTeX Font Info:    External font `cmex10' loaded for size
(Font)              <5> on input line 7.

Underfull \hbox (badness 4899) in paragraph at lines 4--9
\OT1/cmr/m/n/10 able: $\OT1/cmtt/m/n/10 https : / / docs . angr . io / en / lat
est /
 []


Underfull \hbox (badness 10000) in paragraph at lines 17--22
\OT1/cmr/m/n/10 Avail-able: $\OT1/cmtt/m/n/10 https : / / ghidra . re / ghidra 
_
 []


Underfull \hbox (badness 10000) in paragraph at lines 17--22
\OT1/cmtt/m/n/10 docs / languages / html / pcoderef . html$\OT1/cmr/m/n/10 ,
 []

[3 <./fig/overview_method.png>]
Underfull \hbox (badness 10000) in paragraph at lines 51--56
\OT1/cmr/m/n/10 line]. Avail-able: $\OT1/cmtt/m/n/10 https : / / github . com /

 []


Underfull \hbox (badness 10000) in paragraph at lines 51--56
\OT1/cmtt/m/n/10 NationalSecurityAgency / ghidra$\OT1/cmr/m/n/10 .  Ac-
 []


Underfull \hbox (badness 6741) in paragraph at lines 64--70
[]\OT1/cmr/m/n/10 A. Pet-rosyan.  Dis-tri-bu-tion of cy-ber-
 []


Underfull \hbox (badness 10000) in paragraph at lines 64--70
\OT1/cmr/m/n/10 at-tacks across world-wide in-dus-tries in
 []


Underfull \hbox (badness 10000) in paragraph at lines 64--70
\OT1/cmtt/m/n/10 / / www . statista . com / statistics / 1315805 /
 []


Overfull \hbox (9.57274pt too wide) in paragraph at lines 64--70
\OT1/cmtt/m/n/10 cyber-[]attacks-[]top-[]industries-[]worldwide/$\OT1/cmr/m/n/1
0 ,
 []


Underfull \hbox (badness 4792) in paragraph at lines 79--85
\OT1/cmr/m/n/10 A. Nazir, A. Wa-ja-hat, F. Ul-lah, and
 []


Underfull \hbox (badness 1024) in paragraph at lines 87--92
\OT1/cmr/m/n/10 IoT mal-ware clus-ter-ing us-ing in-ter-me-di-ate
 []


Underfull \hbox (badness 1163) in paragraph at lines 87--92
\OT1/cmr/m/n/10 rep-re-sen-ta-tion.  In \OT1/cmr/m/it/10 Proc. IEEE 14th An-
 []


Underfull \hbox (badness 1117) in paragraph at lines 94--97
[]\OT1/cmr/m/n/10 A. D. Raju, I. Y. Abual-haol, R. S. Gi-
 []


Underfull \hbox (badness 2600) in paragraph at lines 99--103
\OT1/cmtt/m/n/10 / / www . hex-[]rays . com / products / ida/$\OT1/cmr/m/n/10 ,
 May
 []


Underfull \hbox (badness 1558) in paragraph at lines 111--117
[]\OT1/cmr/m/n/10 S. Sinha.  State of IoT 2025: Num-ber
 []


Underfull \hbox (badness 6001) in paragraph at lines 111--117
\OT1/cmr/m/n/10 of con-nected IoT de-vices grow-ing 14%
 []


Underfull \hbox (badness 1521) in paragraph at lines 111--117
\OT1/cmr/m/n/10 to 21.1 bil-lion glob-ally.  [On-line]. Avail-
 []


Underfull \hbox (badness 10000) in paragraph at lines 111--117
\OT1/cmr/m/n/10 able: $\OT1/cmtt/m/n/10 https : / / iot-[]analytics . com /
 []


Underfull \hbox (badness 10000) in paragraph at lines 111--117
\OT1/cmtt/m/n/10 number-[]connected-[]iot-[]devices/$\OT1/cmr/m/n/10 , 2024.
 []

[4]
Underfull \hbox (badness 2134) in paragraph at lines 125--129
\OT1/cmr/m/n/10 for one ar-chi-tec-ture be used for oth-ers?
 []

) [5

] (./main.aux)
 ***********
LaTeX2e <2023-11-01> patch level 1
L3 programming layer <2024-01-22>
 ***********


LaTeX Font Warning: Size substitutions with differences
(Font)              up to 1.28pt have occurred.


LaTeX Warning: There were undefined references.

 ) 
Here is how much of TeX's memory you used:
 9426 strings out of 475589
 144841 string characters out of 5782860
 1971975 words of memory out of 5000000
 31221 multiletter control sequences out of 15000+600000
 607598 words of font info for 208 fonts, out of 8000000 for 9000
 309 hyphenation exceptions out of 8191
 59i,9n,65p,1067b,1633s stack positions out of 10000i,1000n,20000p,200000b,200000s
 </home/tommy/.texlive2023/texmf-var/fonts/pk/ljfour/jknappen/ec/tcrm1000.600
pk></usr/share/texmf/fonts/type1/arphic/bkaiu/bkaiu30.pfb></usr/share/texmf/fon
ts/type1/arphic/bkaiu/bkaiu4e.pfb></usr/share/texmf/fonts/type1/arphic/bkaiu/bk
aiu4f.pfb></usr/share/texmf/fonts/type1/arphic/bkaiu/bkaiu50.pfb></usr/share/te
xmf/fonts/type1/arphic/bkaiu/bkaiu51.pfb></usr/share/texmf/fonts/type1/arphic/b
kaiu/bkaiu52.pfb></usr/share/texmf/fonts/type1/arphic/bkaiu/bkaiu53.pfb></usr/s
hare/texmf/fonts/type1/arphic/bkaiu/bkaiu54.pfb></usr/share/texmf/fonts/type1/a
rphic/bkaiu/bkaiu55.pfb></usr/share/texmf/fonts/type1/arphic/bkaiu/bkaiu56.pfb>
</usr/share/texmf/fonts/type1/arphic/bkaiu/bkaiu57.pfb></usr/share/texmf/fonts/
type1/arphic/bkaiu/bkaiu58.pfb></usr/share/texmf/fonts/type1/arphic/bkaiu/bkaiu
59.pfb></usr/share/texmf/fonts/type1/arphic/bkaiu/bkaiu5a.pfb></usr/share/texmf
/fonts/type1/arphic/bkaiu/bkaiu5b.pfb></usr/share/texmf/fonts/type1/arphic/bkai
u/bkaiu5c.pfb></usr/share/texmf/fonts/type1/arphic/bkaiu/bkaiu5d.pfb></usr/shar
e/texmf/fonts/type1/arphic/bkaiu/bkaiu5e.pfb></usr/share/texmf/fonts/type1/arph
ic/bkaiu/bkaiu5f.pfb></usr/share/texmf/fonts/type1/arphic/bkaiu/bkaiu60.pfb></u
sr/share/texmf/fonts/type1/arphic/bkaiu/bkaiu61.pfb></usr/share/texmf/fonts/typ
e1/arphic/bkaiu/bkaiu62.pfb></usr/share/texmf/fonts/type1/arphic/bkaiu/bkaiu63.
pfb></usr/share/texmf/fonts/type1/arphic/bkaiu/bkaiu64.pfb></usr/share/texmf/fo
nts/type1/arphic/bkaiu/bkaiu65.pfb></usr/share/texmf/fonts/type1/arphic/bkaiu/b
kaiu66.pfb></usr/share/texmf/fonts/type1/arphic/bkaiu/bkaiu67.pfb></usr/share/t
exmf/fonts/type1/arphic/bkaiu/bkaiu68.pfb></usr/share/texmf/fonts/type1/arphic/
bkaiu/bkaiu69.pfb></usr/share/texmf/fonts/type1/arphic/bkaiu/bkaiu6a.pfb></usr/
share/texmf/fonts/type1/arphic/bkaiu/bkaiu6b.pfb></usr/share/texmf/fonts/type1/
arphic/bkaiu/bkaiu6c.pfb></usr/share/texmf/fonts/type1/arphic/bkaiu/bkaiu6d.pfb
></usr/share/texmf/fonts/type1/arphic/bkaiu/bkaiu6e.pfb></usr/share/texmf/fonts
/type1/arphic/bkaiu/bkaiu6f.pfb></usr/share/texmf/fonts/type1/arphic/bkaiu/bkai
u70.pfb></usr/share/texmf/fonts/type1/arphic/bkaiu/bkaiu71.pfb></usr/share/texm
f/fonts/type1/arphic/bkaiu/bkaiu72.pfb></usr/share/texmf/fonts/type1/arphic/bka
iu/bkaiu73.pfb></usr/share/texmf/fonts/type1/arphic/bkaiu/bkaiu74.pfb></usr/sha
re/texmf/fonts/type1/arphic/bkaiu/bkaiu75.pfb></usr/share/texmf/fonts/type1/arp
hic/bkaiu/bkaiu76.pfb></usr/share/texmf/fonts/type1/arphic/bkaiu/bkaiu77.pfb></
usr/share/texmf/fonts/type1/arphic/bkaiu/bkaiu78.pfb></usr/share/texmf/fonts/ty
pe1/arphic/bkaiu/bkaiu79.pfb></usr/share/texmf/fonts/type1/arphic/bkaiu/bkaiu7a
.pfb></usr/share/texmf/fonts/type1/arphic/bkaiu/bkaiu7b.pfb></usr/share/texmf/f
onts/type1/arphic/bkaiu/bkaiu7c.pfb></usr/share/texmf/fonts/type1/arphic/bkaiu/
bkaiu7d.pfb></usr/share/texmf/fonts/type1/arphic/bkaiu/bkaiu7e.pfb></usr/share/
texmf/fonts/type1/arphic/bkaiu/bkaiu7f.pfb></usr/share/texmf/fonts/type1/arphic
/bkaiu/bkaiu80.pfb></usr/share/texmf/fonts/type1/arphic/bkaiu/bkaiu81.pfb></usr
/share/texmf/fonts/type1/arphic/bkaiu/bkaiu82.pfb></usr/share/texmf/fonts/type1
/arphic/bkaiu/bkaiu84.pfb></usr/share/texmf/fonts/type1/arphic/bkaiu/bkaiu85.pf
b></usr/share/texmf/fonts/type1/arphic/bkaiu/bkaiu86.pfb></usr/share/texmf/font
s/type1/arphic/bkaiu/bkaiu87.pfb></usr/share/texmf/fonts/type1/arphic/bkaiu/bka
iu88.pfb></usr/share/texmf/fonts/type1/arphic/bkaiu/bkaiu89.pfb></usr/share/tex
mf/fonts/type1/arphic/bkaiu/bkaiu8a.pfb></usr/share/texmf/fonts/type1/arphic/bk
aiu/bkaiu8b.pfb></usr/share/texmf/fonts/type1/arphic/bkaiu/bkaiu8c.pfb></usr/sh
are/texmf/fonts/type1/arphic/bkaiu/bkaiu8d.pfb></usr/share/texmf/fonts/type1/ar
phic/bkaiu/bkaiu8e.pfb></usr/share/texmf/fonts/type1/arphic/bkaiu/bkaiu8f.pfb><
/usr/share/texmf/fonts/type1/arphic/bkaiu/bkaiu90.pfb></usr/share/texmf/fonts/t
ype1/arphic/bkaiu/bkaiu91.pfb></usr/share/texmf/fonts/type1/arphic/bkaiu/bkaiu9
3.pfb></usr/share/texmf/fonts/type1/arphic/bkaiu/bkaiu95.pfb></usr/share/texmf/
fonts/type1/arphic/bkaiu/bkaiu96.pfb></usr/share/texmf/fonts/type1/arphic/bkaiu
/bkaiu97.pfb></usr/share/texmf/fonts/type1/arphic/bkaiu/bkaiu98.pfb></usr/share
/texmf/fonts/type1/arphic/bkaiu/bkaiu99.pfb></usr/share/texmf/fonts/type1/arphi
c/bkaiu/bkaiu9a.pfb></usr/share/texmf/fonts/type1/arphic/bkaiu/bkaiu9e.pfb></us
r/share/texmf/fonts/type1/arphic/bkaiu/bkaiu9f.pfb></usr/share/texmf/fonts/type
1/arphic/bkaiu/bkaiuff.pfb></usr/share/texlive/texmf-dist/fonts/type1/public/am
sfonts/cm/cmbsy10.pfb></usr/share/texlive/texmf-dist/fonts/type1/public/amsfont
s/cm/cmbx10.pfb></usr/share/texlive/texmf-dist/fonts/type1/public/amsfonts/cm/c
mbx12.pfb></usr/share/texlive/texmf-dist/fonts/type1/public/amsfonts/cm/cmbx8.p
fb></usr/share/texlive/texmf-dist/fonts/type1/public/amsfonts/cm/cmr10.pfb></us
r/share/texlive/texmf-dist/fonts/type1/public/amsfonts/cm/cmr8.pfb></usr/share/
texlive/texmf-dist/fonts/type1/public/amsfonts/cm/cmti10.pfb></usr/share/texliv
e/texmf-dist/fonts/type1/public/amsfonts/cm/cmtt10.pfb>
Output written on main.pdf (5 pages, 1514889 bytes).
PDF statistics:
 542 PDF objects out of 1000 (max. 8388607)
 275 compressed objects within 3 object streams
 0 named destinations out of 1000 (max. 500000)
 328 words of extra memory for PDF output out of 10000 (max. 10000000)

